Start-script:

# @ output=PMB.out
# @ error=PMB.err
# @ wall_clock_limit = 1000
# @ job_type=parallel
# @ environment=COPY_ALL;MP_SHARED_MEMORY=YES
# @ executable=/usr/bin/poe
# @ network.MPI=css0,shared,us
# @ arguments = <..>/PMB-MPI1 
# @ node = 1
# @ tasks_per_node = 7
# @ class=parallel
# @ queue

#---------------------------------------------------
#    PALLAS MPI Benchmark Suite V2.2, MPI-1 part    
#---------------------------------------------------
# Date       : Fri Jul 12 11:30:29 2002
# Machine    : 000007184C00# System     : AIX
# Release    : 3
# Version    : 4

#
# Minimum message length in bytes:   0
# Maximum message length in bytes:   4194304
#
# MPI_Datatype                   :   MPI_BYTE 
# MPI_Datatype for reductions    :   MPI_FLOAT
# MPI_Op                         :   MPI_SUM  
#
#

# List of Benchmarks to run:

# PingPong
# PingPing
# Sendrecv
# Exchange
# Allreduce
# Reduce
# Reduce_scatter
# Allgather
# Allgatherv
# Alltoall
# Bcast
# Barrier

#---------------------------------------------------
# Benchmarking PingPong 
# ( #processes = 2 ) 
# ( 5 additional processes waiting in MPI_Barrier)
#---------------------------------------------------
       #bytes #repetitions      t[usec]   Mbytes/sec
            0         1000        10.41         0.00
            1         1000        11.53         0.08
            2         1000        11.17         0.17
            4         1000        11.30         0.34
            8         1000        11.44         0.67
           16         1000        11.42         1.34
           32         1000        11.60         2.63
           64         1000        11.89         5.13
          128         1000        13.65         8.95
          256         1000        13.25        18.43
          512         1000        14.93        32.71
         1024         1000        16.68        58.53
         2048         1000        20.47        95.44
         4096         1000        27.79       140.56
         8192         1000        62.50       124.99
        16384         1000        93.56       167.01
        32768         1000       158.32       197.38
        65536          640       233.12       268.11
       131072          320       373.33       334.82
       262144          160       676.04       369.80
       524288           80      1258.19       397.40
      1048576           40      2337.11       427.88
      2097152           20      4629.60       432.00
      4194304           10     11041.22       362.28

#---------------------------------------------------
# Benchmarking PingPing 
# ( #processes = 2 ) 
# ( 5 additional processes waiting in MPI_Barrier)
#---------------------------------------------------
       #bytes #repetitions      t[usec]   Mbytes/sec
            0         1000        12.67         0.00
            1         1000        15.15         0.06
            2         1000        15.00         0.13
            4         1000        15.83         0.24
            8         1000        15.75         0.48
           16         1000        16.62         0.92
           32         1000        16.65         1.83
           64         1000        16.82         3.63
          128         1000        17.79         6.86
          256         1000        18.51        13.19
          512         1000        20.70        23.59
         1024         1000        23.80        41.03
         2048         1000        29.14        67.03
         4096         1000        41.11        95.01
         8192         1000        77.74       100.50
        16384         1000       113.46       137.71
        32768         1000       185.86       168.13
        65536          640       330.80       188.94
       131072          320       611.30       204.48
       262144          160      1241.84       201.31
       524288           80      2470.32       202.40
      1048576           40      4833.55       206.89
      2097152           20      9432.82       212.03
      4194304           10     20645.54       193.75

#-----------------------------------------------------------------------------
# Benchmarking Sendrecv 
# ( #processes = 2 ) 
# ( 5 additional processes waiting in MPI_Barrier)
#-----------------------------------------------------------------------------
       #bytes #repetitions  t_min[usec]  t_max[usec]  t_avg[usec]   Mbytes/sec
            0         1000        11.92        11.92        11.92         0.00
            1         1000        13.47        13.48        13.47         0.14
            2         1000        13.50        13.50        13.50         0.28
            4         1000        13.62        13.63        13.62         0.56
            8         1000        13.35        13.36        13.36         1.14
           16         1000        13.45        13.45        13.45         2.27
           32         1000        13.60        13.61        13.60         4.49
           64         1000        13.71        13.72        13.72         8.90
          128         1000        14.39        14.39        14.39        16.97
          256         1000        15.08        15.08        15.08        32.38
          512         1000        16.99        16.99        16.99        57.46
         1024         1000        18.77        18.78        18.78       104.01
         2048         1000        23.45        23.45        23.45       166.58
         4096         1000        32.58        32.59        32.59       239.70
         8192         1000        68.21        68.22        68.21       229.05
        16384         1000       100.56       100.57       100.57       310.72
        32768         1000       165.42       165.45       165.43       377.76
        65536          640       299.77       299.78       299.78       416.97
       131072          320       727.64       727.94       727.79       343.43
       262144          160      1262.26      1263.02      1262.64       395.88
       524288           80      2378.59      2378.90      2378.74       420.36
      1048576           40      4682.44      4685.33      4683.88       426.86
      2097152           20      9403.65      9408.40      9406.02       425.15
      4194304           10     20622.31     20622.63     20622.47       387.92

#-----------------------------------------------------------------------------
# Benchmarking Sendrecv 
# ( #processes = 4 ) 
# ( 3 additional processes waiting in MPI_Barrier)
#-----------------------------------------------------------------------------
       #bytes #repetitions  t_min[usec]  t_max[usec]  t_avg[usec]   Mbytes/sec
            0         1000        13.50        13.51        13.51         0.00
            1         1000        16.21        16.23        16.22         0.12
            2         1000        16.42        16.44        16.43         0.23
            4         1000        16.18        16.19        16.19         0.47
            8         1000        16.54        16.55        16.55         0.92
           16         1000        16.49        16.52        16.50         1.85
           32         1000        16.29        16.31        16.30         3.74
           64         1000        16.96        17.00        16.98         7.18
          128         1000        17.82        17.83        17.82        13.69
          256         1000        17.85        17.89        17.87        27.30
          512         1000        19.56        19.58        19.57        49.89
         1024         1000        21.95        21.95        21.95        88.96
         2048         1000        25.59        25.61        25.60       152.53
         4096         1000        34.01        34.02        34.02       229.64
         8192         1000        78.30        78.33        78.31       199.48
        16384         1000       119.46       119.51       119.49       261.47
        32768         1000       228.87       228.95       228.91       272.98
        65536          640       353.99       354.12       354.05       352.99
       131072          320       634.29       635.24       634.78       393.55
       262144          160      1233.30      1234.38      1233.85       405.06
       524288           80      2357.51      2357.97      2357.74       424.09
      1048576           40      4844.59      4850.42      4847.38       412.34
      2097152           20      9613.99      9712.86      9676.74       411.83
      4194304           10     23608.67     23972.05     23853.49       333.72

#-----------------------------------------------------------------------------
# Benchmarking Sendrecv 
# ( #processes = 7 ) 
#-----------------------------------------------------------------------------
       #bytes #repetitions  t_min[usec]  t_max[usec]  t_avg[usec]   Mbytes/sec
            0         1000        14.75        14.76        14.75         0.00
            1         1000        17.94        17.96        17.95         0.11
            2         1000        17.75        17.91        17.80         0.21
            4         1000        17.86        17.96        17.93         0.42
            8         1000        18.09        18.11        18.10         0.84
           16         1000        17.62        17.64        17.63         1.73
           32         1000        17.96        17.99        17.97         3.39
           64         1000        18.09        18.23        18.18         6.70
          128         1000        18.78        18.80        18.79        12.98
          256         1000        19.77        19.80        19.79        24.66
          512         1000        21.38        21.41        21.39        45.61
         1024         1000        23.31        23.36        23.33        83.60
         2048         1000        26.73        26.76        26.74       145.98
         4096         1000        36.49        36.55        36.53       213.73
         8192         1000        83.84        83.88        83.85       186.27
        16384         1000       123.13       123.15       123.14       253.76
        32768         1000       207.80       207.85       207.83       300.69
        65536          640       369.91       370.24       370.07       337.62
       131072          320       704.58       705.18       704.89       354.52
       262144          160      1296.22      1299.26      1297.84       384.83
       524288           80      3228.43      3233.72      3231.45       309.24
      1048576           40      6484.83      6496.16      6489.32       307.87
      2097152           20     13646.25     13707.31     13684.01       291.82
      4194304           10     31646.94     31767.24     31692.29       251.83

#-----------------------------------------------------------------------------
# Benchmarking Exchange 
# ( #processes = 2 ) 
# ( 5 additional processes waiting in MPI_Barrier)
#-----------------------------------------------------------------------------
       #bytes #repetitions  t_min[usec]  t_max[usec]  t_avg[usec]   Mbytes/sec
            0         1000        27.79        27.79        27.79         0.00
            1         1000        32.98        32.99        32.99         0.12
            2         1000        33.44        33.45        33.45         0.23
            4         1000        32.90        32.91        32.91         0.46
            8         1000        33.42        33.43        33.43         0.91
           16         1000        33.37        33.38        33.37         1.83
           32         1000        34.04        34.05        34.05         3.59
           64         1000        35.44        35.44        35.44         6.89
          128         1000        36.29        36.31        36.30        13.45
          256         1000        38.09        38.09        38.09        25.64
          512         1000        42.31        42.31        42.31        46.16
         1024         1000        48.31        48.33        48.32        80.83
         2048         1000        59.64        59.66        59.65       130.96
         4096         1000        82.47        82.48        82.48       189.44
         8192         1000       187.36       187.40       187.38       166.76
        16384         1000       282.69       282.74       282.72       221.05
        32768         1000       468.67       468.69       468.68       266.70
        65536          640       764.96       765.13       765.04       326.74
       131072          320      1398.18      1398.52      1398.35       357.52
       262144          160      2482.15      2482.16      2482.15       402.88
       524288           80      4679.99      4681.06      4680.52       427.25
      1048576           40      9163.61      9165.92      9164.77       436.40
      2097152           20     18794.12     18799.85     18796.98       425.54
      4194304           10     40815.96     40818.05     40817.01       391.98

#-----------------------------------------------------------------------------
# Benchmarking Exchange 
# ( #processes = 4 ) 
# ( 3 additional processes waiting in MPI_Barrier)
#-----------------------------------------------------------------------------
       #bytes #repetitions  t_min[usec]  t_max[usec]  t_avg[usec]   Mbytes/sec
            0         1000        32.06        32.12        32.11         0.00
            1         1000        36.52        36.53        36.52         0.10
            2         1000        36.36        36.38        36.37         0.21
            4         1000        36.04        36.08        36.06         0.42
            8         1000        36.19        36.21        36.20         0.84
           16         1000        36.27        36.28        36.28         1.68
           32         1000        36.81        36.88        36.85         3.31
           64         1000        37.47        37.49        37.48         6.51
          128         1000        39.08        39.09        39.08        12.49
          256         1000        40.58        40.60        40.59        24.05
          512         1000        44.78        44.80        44.79        43.60
         1024         1000        50.03        50.17        50.11        77.86
         2048         1000        60.04        60.06        60.05       130.08
         4096         1000        81.22        81.24        81.23       192.33
         8192         1000       171.07       171.12       171.09       182.62
        16384         1000       251.73       251.79       251.76       248.22
        32768         1000       438.17       438.19       438.18       285.27
        65536          640       735.31       735.95       735.70       339.70
       131072          320      1378.25      1380.47      1379.63       362.20
       262144          160      2627.95      2629.93      2628.93       380.24
       524288           80      5262.02      5275.00      5268.54       379.15
      1048576           40     10423.87     10473.30     10450.09       381.92
      2097152           20     21492.17     21613.62     21552.14       370.14
      4194304           10     49357.08     49451.02     49406.02       323.55

#-----------------------------------------------------------------------------
# Benchmarking Exchange 
# ( #processes = 7 ) 
#-----------------------------------------------------------------------------
       #bytes #repetitions  t_min[usec]  t_max[usec]  t_avg[usec]   Mbytes/sec
            0         1000        33.39        33.42        33.41         0.00
            1         1000        38.51        38.54        38.53         0.10
            2         1000        38.35        38.37        38.36         0.20
            4         1000        38.48        38.53        38.51         0.40
            8         1000        38.33        38.44        38.38         0.79
           16         1000        39.05        39.14        39.10         1.56
           32         1000        38.70        38.73        38.72         3.15
           64         1000        39.65        39.67        39.66         6.15
          128         1000        41.75        41.78        41.77        11.69
          256         1000        42.64        42.75        42.71        22.84
          512         1000        45.36        45.48        45.41        42.94
         1024         1000        50.52        50.56        50.54        77.26
         2048         1000        60.48        60.52        60.49       129.09
         4096         1000        82.64        82.69        82.66       188.97
         8192         1000       177.46       177.52       177.49       176.03
        16384         1000       269.85       269.96       269.90       231.52
        32768         1000       439.89       440.18       440.02       283.98
        65536          640       768.23       768.71       768.52       325.22
       131072          320      1424.35      1426.73      1425.51       350.45
       262144          160      2842.81      2848.91      2846.87       351.01
       524288           80      5575.52      5590.38      5584.46       357.76
      1048576           40     10934.15     10990.02     10963.86       363.97
      2097152           20     23311.56     23621.25     23481.99       338.68
      4194304           10     54795.30     55923.02     55422.60       286.11

#----------------------------------------------------------------
# Benchmarking Allreduce 
# ( #processes = 2 ) 
# ( 5 additional processes waiting in MPI_Barrier)
#----------------------------------------------------------------
       #bytes #repetitions  t_min[usec]  t_max[usec]  t_avg[usec]
            0         1000        27.90        27.92        27.91
            4         1000        30.38        30.39        30.38
            8         1000        30.62        30.63        30.62
           16         1000        30.85        30.86        30.86
           32         1000        30.81        30.83        30.82
           64         1000        31.61        31.62        31.61
          128         1000        32.81        32.82        32.81
          256         1000        34.55        34.57        34.56
          512         1000        39.06        39.07        39.07
         1024         1000        45.45        45.46        45.45
         2048         1000        59.41        59.43        59.42
         4096         1000        89.71        89.72        89.72
         8192         1000       181.95       181.98       181.96
        16384         1000       295.91       295.95       295.93
        32768         1000       522.72       522.79       522.75
        65536          640       882.28       882.41       882.35
       131072          320      1574.44      1574.71      1574.57
       262144          160      2948.35      2949.12      2948.73
       524288           80      5802.47      5803.55      5803.01
      1048576           40     12402.69     12405.37     12404.03
      2097152           20     34891.17     34895.90     34893.54
      4194304           10     83243.50     83262.20     83252.85

#----------------------------------------------------------------
# Benchmarking Allreduce 
# ( #processes = 4 ) 
# ( 3 additional processes waiting in MPI_Barrier)
#----------------------------------------------------------------
       #bytes #repetitions  t_min[usec]  t_max[usec]  t_avg[usec]
            0         1000        43.41        43.41        43.41
            4         1000        48.17        48.20        48.18
            8         1000        47.70        47.73        47.71
           16         1000        48.08        48.09        48.09
           32         1000        47.80        47.83        47.82
           64         1000        49.50        49.53        49.52
          128         1000        51.90        51.93        51.92
          256         1000        55.39        55.40        55.39
          512         1000        63.99        64.02        64.01
         1024         1000        75.55        75.56        75.56
         2048         1000       104.25       104.30       104.28
         4096         1000       148.98       149.00       148.99
         8192         1000       315.03       315.08       315.06
        16384         1000       503.24       503.30       503.27
        32768         1000       892.38       892.51       892.45
        65536          640      1518.67      1518.87      1518.78
       131072          320      2741.70      2741.99      2741.85
       262144          160      5104.93      5106.16      5105.58
       524288           80     10042.86     10044.65     10043.57
      1048576           40     21417.66     21429.16     21422.94
      2097152           20     58445.77     58505.34     58474.36
      4194304           10    133488.38    133697.83    133594.17

#----------------------------------------------------------------
# Benchmarking Allreduce 
# ( #processes = 7 ) 
#----------------------------------------------------------------
       #bytes #repetitions  t_min[usec]  t_max[usec]  t_avg[usec]
            0         1000        70.63        70.66        70.65
            4         1000        78.76        78.87        78.80
            8         1000        79.78        79.81        79.79
           16         1000        77.80        77.82        77.81
           32         1000        77.71        77.81        77.77
           64         1000        82.71        82.76        82.73
          128         1000        84.61        84.63        84.62
          256         1000        92.34        92.37        92.35
          512         1000       106.72       106.81       106.76
         1024         1000       123.30       123.35       123.31
         2048         1000       189.82       189.87       189.84
         4096         1000       234.52       234.59       234.56
         8192         1000       493.40       493.49       493.44
        16384         1000       798.79       798.94       798.86
        32768         1000      1455.39      1455.66      1455.50
        65536          640      2440.57      2441.12      2440.92
       131072          320      4090.24      4091.85      4091.31
       262144          160      7740.43      7745.11      7743.52
       524288           80     15177.23     15193.78     15190.10
      1048576           40     32118.14     32181.52     32164.58
      2097152           20     83594.76     83845.69     83743.26
      4194304           10    186741.78    187941.54    187692.38

#----------------------------------------------------------------
# Benchmarking Reduce 
# ( #processes = 2 ) 
# ( 5 additional processes waiting in MPI_Barrier)
#----------------------------------------------------------------
       #bytes #repetitions  t_min[usec]  t_max[usec]  t_avg[usec]
            0         1000        17.80        17.81        17.80
            4         1000        19.12        19.13        19.13
            8         1000        19.70        19.71        19.70
           16         1000        19.44        19.45        19.45
           32         1000        19.37        19.37        19.37
           64         1000        19.65        19.65        19.65
          128         1000        20.71        20.71        20.71
          256         1000        23.61        23.62        23.62
          512         1000        24.87        24.89        24.88
         1024         1000        29.19        29.20        29.20
         2048         1000        40.35        40.39        40.37
         4096         1000        60.07        60.11        60.09
         8192         1000       124.22       124.28       124.25
        16384         1000       208.56       208.68       208.62
        32768         1000       380.94       381.18       381.06
        65536          640       666.44       667.13       666.78
       131072          320      1249.47      1252.41      1250.94
       262144          160      2436.52      2445.67      2441.09
       524288           80      4739.51      4777.23      4758.37
      1048576           40     10381.52     10545.34     10463.43
      2097152           20     29340.78     30323.79     29832.28
      4194304           10     65244.63     69701.05     67472.84

#----------------------------------------------------------------
# Benchmarking Reduce 
# ( #processes = 4 ) 
# ( 3 additional processes waiting in MPI_Barrier)
#----------------------------------------------------------------
       #bytes #repetitions  t_min[usec]  t_max[usec]  t_avg[usec]
            0         1000        26.27        26.31        26.29
            4         1000        28.95        28.99        28.97
            8         1000        29.38        29.40        29.39
           16         1000        29.57        29.59        29.58
           32         1000        29.08        29.11        29.10
           64         1000        30.14        30.15        30.14
          128         1000        32.15        32.18        32.17
          256         1000        34.86        34.92        34.89
          512         1000        41.36        41.41        41.38
         1024         1000        48.71        48.77        48.74
         2048         1000        66.17        66.22        66.20
         4096         1000       100.82       100.92       100.88
         8192         1000       206.86       207.07       206.97
        16384         1000       348.06       348.45       348.25
        32768         1000       640.55       641.29       640.87
        65536          640      1125.76      1127.83      1126.80
       131072          320      2059.08      2066.64      2062.82
       262144          160      3922.30      3950.48      3936.25
       524288           80      7722.46      7834.52      7777.84
      1048576           40     15982.06     16454.12     16216.86
      2097152           20     43391.01     46282.08     44855.80
      4194304           10     94694.58    107511.77    101139.00

#----------------------------------------------------------------
# Benchmarking Reduce 
# ( #processes = 7 ) 
#----------------------------------------------------------------
       #bytes #repetitions  t_min[usec]  t_max[usec]  t_avg[usec]
            0         1000        37.28        37.35        37.31
            4         1000        42.48        42.57        42.53
            8         1000        43.24        43.32        43.28
           16         1000        43.81        43.89        43.85
           32         1000        43.70        43.78        43.74
           64         1000        45.30        45.36        45.34
          128         1000        48.70        48.79        48.75
          256         1000        54.75        54.82        54.79
          512         1000        61.30        61.39        61.34
         1024         1000        73.24        73.37        73.30
         2048         1000        99.69        99.82        99.75
         4096         1000       150.86       151.07       150.98
         8192         1000       304.50       304.91       304.71
        16384         1000       510.42       511.12       510.77
        32768         1000       916.25       917.60       916.93
        65536          640      1607.11      1610.74      1608.92
       131072          320      2957.99      2971.20      2964.50
       262144          160      6012.76      6065.32      6038.31
       524288           80     11666.56     11868.28     11765.00
      1048576           40     23698.38     24521.82     24095.44
      2097152           20     64245.98     68963.72     66431.33
      4194304           10    135931.71    158452.59    146958.10

#----------------------------------------------------------------
# Benchmarking Reduce_scatter 
# ( #processes = 2 ) 
# ( 5 additional processes waiting in MPI_Barrier)
#----------------------------------------------------------------
       #bytes #repetitions  t_min[usec]  t_max[usec]  t_avg[usec]
            0         1000        20.23        20.23        20.23
            4         1000        22.25        22.26        22.26
            8         1000        23.15        23.15        23.15
           16         1000        23.30        23.46        23.38
           32         1000        22.55        22.56        22.56
           64         1000        22.01        22.01        22.01
          128         1000        22.23        22.24        22.24
          256         1000        22.82        22.82        22.82
          512         1000        24.66        24.67        24.66
         1024         1000        28.23        28.24        28.23
         2048         1000        34.42        34.43        34.43
         4096         1000        44.84        44.84        44.84
         8192         1000        68.41        68.42        68.42
        16384         1000       123.75       123.75       123.75
        32768         1000       205.68       205.69       205.68
        65536          640       378.04       378.05       378.04
       131072          320       713.06       713.11       713.09
       262144          160      1417.19      1417.39      1417.29
       524288           80      2841.61      2842.25      2841.93
      1048576           40      5821.70      5825.93      5823.81
      2097152           20     13192.90     13198.67     13195.78
      4194304           10     38526.23     38566.60     38546.42

#----------------------------------------------------------------
# Benchmarking Reduce_scatter 
# ( #processes = 4 ) 
# ( 3 additional processes waiting in MPI_Barrier)
#----------------------------------------------------------------
       #bytes #repetitions  t_min[usec]  t_max[usec]  t_avg[usec]
            0         1000        48.72        48.73        48.73
            4         1000        50.17        50.19        50.18
            8         1000        52.84        52.86        52.84
           16         1000        53.09        53.11        53.11
           32         1000        53.39        53.40        53.39
           64         1000        54.14        54.14        54.14
          128         1000        55.91        55.92        55.91
          256         1000        59.95        59.97        59.96
          512         1000        65.36        65.38        65.38
         1024         1000        75.47        75.48        75.48
         2048         1000        73.37        73.38        73.38
         4096         1000        87.06        87.07        87.06
         8192         1000       116.35       116.36       116.36
        16384         1000       182.23       182.27       182.25
        32768         1000       336.09       336.11       336.10
        65536          640       571.54       571.55       571.55
       131072          320      1013.54      1013.76      1013.64
       262144          160      1925.62      1925.89      1925.73
       524288           80      3749.36      3750.88      3749.91
      1048576           40      7565.89      7569.86      7566.99
      2097152           20     16148.94     16170.48     16158.86
      4194304           10     37109.60     37193.43     37147.93

#----------------------------------------------------------------
# Benchmarking Reduce_scatter 
# ( #processes = 7 ) 
#----------------------------------------------------------------
       #bytes #repetitions  t_min[usec]  t_max[usec]  t_avg[usec]
            0         1000        75.11        75.16        75.14
            4         1000        78.74        78.76        78.75
            8         1000        79.64        79.68        79.65
           16         1000        81.39        81.42        81.41
           32         1000        83.24        83.28        83.27
           64         1000        84.38        84.42        84.40
          128         1000        87.26        87.30        87.28
          256         1000        90.95        90.99        90.97
          512         1000        98.74        98.79        98.77
         1024         1000       118.66       118.69       118.68
         2048         1000       140.51       140.56       140.54
         4096         1000       155.00       155.04       155.02
         8192         1000       191.92       191.96       191.94
        16384         1000       288.56       288.62       288.60
        32768         1000       487.03       487.08       487.06
        65536          640       734.80       735.05       734.92
       131072          320      1426.31      1426.70      1426.60
       262144          160      2552.46      2555.32      2554.39
       524288           80      4698.56      4704.00      4702.70
      1048576           40      9560.99      9582.32      9578.28
      2097152           20     19910.05     20008.18     19986.99
      4194304           10     44732.18     45143.77     45069.73

#----------------------------------------------------------------
# Benchmarking Allgather 
# ( #processes = 2 ) 
# ( 5 additional processes waiting in MPI_Barrier)
#----------------------------------------------------------------
       #bytes #repetitions  t_min[usec]  t_max[usec]  t_avg[usec]
            0         1000        13.51        13.51        13.51
            1         1000        17.77        17.77        17.77
            2         1000        16.23        16.24        16.24
            4         1000        15.54        15.56        15.55
            8         1000        15.66        15.66        15.66
           16         1000        15.90        15.90        15.90
           32         1000        16.06        16.08        16.07
           64         1000        16.27        16.27        16.27
          128         1000        17.42        17.43        17.42
          256         1000        19.60        19.63        19.61
          512         1000        22.76        22.78        22.77
         1024         1000        23.25        23.25        23.25
         2048         1000        28.58        28.58        28.58
         4096         1000        41.35        41.35        41.35
         8192         1000        76.66        76.66        76.66
        16384         1000       125.29       125.30       125.30
        32768         1000       203.33       203.33       203.33
        65536          640       368.41       368.42       368.42
       131072          320       722.49       722.51       722.50
       262144          160      1407.45      1407.47      1407.46
       524288           80      2851.01      2851.04      2851.03
      1048576           40      5948.73      5948.91      5948.82
      2097152           20     13402.81     13404.68     13403.75
      4194304           10     37706.28     37718.43     37712.35

#----------------------------------------------------------------
# Benchmarking Allgather 
# ( #processes = 4 ) 
# ( 3 additional processes waiting in MPI_Barrier)
#----------------------------------------------------------------
       #bytes #repetitions  t_min[usec]  t_max[usec]  t_avg[usec]
            0         1000        30.19        30.20        30.20
            1         1000        32.52        32.52        32.52
            2         1000        32.85        32.87        32.86
            4         1000        32.73        32.75        32.74
            8         1000        32.45        32.46        32.46
           16         1000        34.05        34.06        34.06
           32         1000        33.74        33.75        33.75
           64         1000        35.26        35.27        35.27
          128         1000        36.42        36.44        36.43
          256         1000        39.56        39.58        39.58
          512         1000        45.32        45.33        45.32
         1024         1000        57.16        57.18        57.17
         2048         1000        78.46        78.48        78.47
         4096         1000       138.83       138.85       138.84
         8192         1000       240.27       240.30       240.28
        16384         1000       402.74       402.82       402.77
        32768         1000       748.59       748.64       748.61
        65536          640      1418.21      1418.44      1418.33
       131072          320      2777.18      2777.92      2777.51
       262144          160      5647.06      5651.76      5649.19
       524288           80     13136.34     13156.23     13142.70
      1048576           40     34735.00     34743.57     34740.18
      2097152           20     86894.32     87044.76     86964.43
      4194304           10    177729.39    178436.35    178085.61

#----------------------------------------------------------------
# Benchmarking Allgather 
# ( #processes = 7 ) 
#----------------------------------------------------------------
       #bytes #repetitions  t_min[usec]  t_max[usec]  t_avg[usec]
            0         1000        53.18        53.18        53.18
            1         1000        57.81        57.85        57.83
            2         1000        57.81        57.83        57.82
            4         1000        59.01        59.05        59.03
            8         1000        58.09        58.12        58.10
           16         1000        58.83        58.86        58.84
           32         1000        58.74        58.77        58.76
           64         1000        63.24        63.27        63.26
          128         1000        66.50        66.54        66.52
          256         1000        71.37        71.42        71.40
          512         1000        82.28        82.30        82.29
         1024         1000        95.49        95.50        95.49
         2048         1000       166.97       167.05       167.01
         4096         1000       272.07       272.09       272.08
         8192         1000       487.89       487.96       487.94
        16384         1000       859.75       859.92       859.83
        32768         1000      1480.66      1480.85      1480.74
        65536          640      2781.26      2781.60      2781.46
       131072          320      5401.14      5402.38      5401.66
       262144          160     13085.79     13092.57     13089.32
       524288           80     36993.68     37004.42     37001.09
      1048576           40     87296.73     87441.59     87360.55
      2097152           20    181657.03    182159.68    181906.33
      4194304           10    366399.97    367157.43    366863.87

#----------------------------------------------------------------
# Benchmarking Allgatherv 
# ( #processes = 2 ) 
# ( 5 additional processes waiting in MPI_Barrier)
#----------------------------------------------------------------
       #bytes #repetitions  t_min[usec]  t_max[usec]  t_avg[usec]
            0         1000        14.37        14.40        14.39
            1         1000        16.78        16.78        16.78
            2         1000        16.97        16.99        16.98
            4         1000        16.84        16.84        16.84
            8         1000        17.02        17.02        17.02
           16         1000        16.68        16.69        16.68
           32         1000        16.95        16.95        16.95
           64         1000        17.31        17.31        17.31
          128         1000        18.20        18.20        18.20
          256         1000        18.94        18.94        18.94
          512         1000        20.88        20.90        20.89
         1024         1000        24.61        24.61        24.61
         2048         1000        29.96        29.96        29.96
         4096         1000        43.24        43.24        43.24
         8192         1000        78.87        78.90        78.89
        16384         1000       123.25       123.25       123.25
        32768         1000       202.54       202.55       202.55
        65536          640       369.86       369.90       369.88
       131072          320       725.49       725.53       725.51
       262144          160      1405.03      1405.33      1405.18
       524288           80      2819.99      2820.03      2820.01
      1048576           40      5941.63      5942.92      5942.27
      2097152           20     13536.08     13537.30     13536.69
      4194304           10     37274.43     37277.32     37275.88

#----------------------------------------------------------------
# Benchmarking Allgatherv 
# ( #processes = 4 ) 
# ( 3 additional processes waiting in MPI_Barrier)
#----------------------------------------------------------------
       #bytes #repetitions  t_min[usec]  t_max[usec]  t_avg[usec]
            0         1000        49.02        49.03        49.03
            1         1000        57.67        57.67        57.67
            2         1000        51.72        51.74        51.73
            4         1000        52.43        52.44        52.44
            8         1000        52.92        52.93        52.93
           16         1000        53.07        53.08        53.07
           32         1000        52.16        52.18        52.17
           64         1000        53.03        53.06        53.05
          128         1000        55.36        55.39        55.37
          256         1000        58.28        58.31        58.30
          512         1000        63.94        63.95        63.95
         1024         1000        72.47        72.49        72.48
         2048         1000        90.09        90.10        90.10
         4096         1000       127.69       127.70       127.70
         8192         1000       261.82       261.84       261.83
        16384         1000       388.86       388.87       388.86
        32768         1000       618.05       618.12       618.10
        65536          640      1084.24      1084.35      1084.30
       131072          320      2044.29      2044.96      2044.61
       262144          160      3830.49      3831.41      3830.94
       524288           80      7647.56      7650.45      7648.80
      1048576           40     16669.95     16686.10     16680.56
      2097152           20     39205.94     39252.21     39230.01
      4194304           10     92089.78     92127.42     92113.04

#----------------------------------------------------------------
# Benchmarking Allgatherv 
# ( #processes = 7 ) 
#----------------------------------------------------------------
       #bytes #repetitions  t_min[usec]  t_max[usec]  t_avg[usec]
            0         1000       114.78       114.82       114.80
            1         1000       103.90       103.94       103.92
            2         1000       101.96       102.05       101.98
            4         1000       103.57       103.59       103.58
            8         1000       105.28       105.31       105.30
           16         1000       104.04       104.09       104.06
           32         1000       105.18       105.23       105.21
           64         1000       106.49       106.53       106.51
          128         1000       110.60       110.64       110.62
          256         1000       113.41       113.42       113.41
          512         1000       124.69       124.74       124.72
         1024         1000       138.50       138.52       138.51
         2048         1000       171.67       171.72       171.68
         4096         1000       247.95       248.03       247.99
         8192         1000       482.18       482.23       482.20
        16384         1000       731.38       731.47       731.44
        32768         1000      1255.49      1255.78      1255.62
        65536          640      2269.16      2269.37      2269.26
       131072          320      4192.71      4193.33      4192.99
       262144          160      8429.09      8430.05      8429.67
       524288           80     17007.45     17010.96     17009.56
      1048576           40     38718.03     38742.59     38733.49
      2097152           20     91886.95     92068.02     91966.62
      4194304           10    195604.76    195943.09    195792.04

#----------------------------------------------------------------
# Benchmarking Alltoall 
# ( #processes = 2 ) 
# ( 5 additional processes waiting in MPI_Barrier)
#----------------------------------------------------------------
       #bytes #repetitions  t_min[usec]  t_max[usec]  t_avg[usec]
            0         1000        16.48        16.49        16.49
            1         1000        18.80        18.80        18.80
            2         1000        18.84        18.85        18.85
            4         1000        20.54        20.56        20.55
            8         1000        19.27        19.28        19.28
           16         1000        18.97        18.97        18.97
           32         1000        19.03        19.03        19.03
           64         1000        19.64        19.65        19.65
          128         1000        20.75        20.75        20.75
          256         1000        22.23        22.25        22.24
          512         1000        25.89        25.90        25.89
         1024         1000        32.05        32.05        32.05
         2048         1000        40.88        40.89        40.88
         4096         1000        43.81        43.82        43.82
         8192         1000        80.31        80.32        80.32
        16384         1000       126.23       126.23       126.23
        32768         1000       211.64       211.65       211.64
        65536          640       394.55       394.55       394.55
       131072          320       772.42       772.44       772.43
       262144          160      1508.59      1508.61      1508.60
       524288           80      3132.04      3132.05      3132.05
      1048576           40      6879.31      6879.53      6879.42
      2097152           20     17634.82     17635.18     17635.00
      4194304           10     43243.82     43252.25     43248.03

#----------------------------------------------------------------
# Benchmarking Alltoall 
# ( #processes = 4 ) 
# ( 3 additional processes waiting in MPI_Barrier)
#----------------------------------------------------------------
       #bytes #repetitions  t_min[usec]  t_max[usec]  t_avg[usec]
            0         1000        31.12        31.15        31.14
            1         1000        34.83        34.85        34.84
            2         1000        37.00        37.03        37.02
            4         1000        36.66        36.66        36.66
            8         1000        35.22        35.23        35.23
           16         1000        35.36        35.38        35.37
           32         1000        36.18        36.20        36.19
           64         1000        38.37        38.39        38.38
          128         1000        40.80        40.83        40.82
          256         1000        45.06        45.08        45.07
          512         1000        54.29        54.30        54.30
         1024         1000        71.09        71.12        71.10
         2048         1000       105.64       105.66       105.65
         4096         1000       205.68       205.70       205.69
         8192         1000       219.34       219.41       219.38
        16384         1000       340.69       340.71       340.70
        32768         1000       574.52       574.57       574.55
        65536          640      1226.48      1226.59      1226.51
       131072          320      2243.26      2243.43      2243.31
       262144          160      4494.98      4495.30      4495.13
       524288           80      9642.28      9643.73      9643.04
      1048576           40     20631.83     20640.73     20636.23
      2097152           20     47411.64     47457.17     47435.41
      4194304           10     97662.93     97817.01     97741.06

#----------------------------------------------------------------
# Benchmarking Alltoall 
# ( #processes = 7 ) 
#----------------------------------------------------------------
       #bytes #repetitions  t_min[usec]  t_max[usec]  t_avg[usec]
            0         1000        53.02        53.06        53.04
            1         1000        58.40        58.43        58.42
            2         1000        59.08        59.10        59.09
            4         1000        59.95        59.98        59.97
            8         1000        59.87        59.89        59.88
           16         1000        59.61        59.63        59.62
           32         1000        61.70        61.72        61.71
           64         1000        62.66        62.72        62.69
          128         1000        68.21        68.26        68.23
          256         1000       113.81       113.83       113.82
          512         1000       102.53       102.59       102.56
         1024         1000       145.67       145.72       145.70
         2048         1000       328.39       328.41       328.41
         4096         1000       498.50       498.55       498.53
         8192         1000       492.89       492.97       492.94
        16384         1000       795.32       795.46       795.42
        32768         1000      1422.38      1422.56      1422.49
        65536          640      2574.32      2574.85      2574.76
       131072          320      4793.85      4796.06      4795.50
       262144          160      9932.48      9942.20      9940.47
       524288           80     23531.77     23574.57     23567.47
      1048576           40     54415.56     54591.36     54547.21
      2097152           20    111369.51    112113.57    111977.00
      4194304           10    219872.37    222992.80    222340.59

#----------------------------------------------------------------
# Benchmarking Bcast 
# ( #processes = 2 ) 
# ( 5 additional processes waiting in MPI_Barrier)
#----------------------------------------------------------------
       #bytes #repetitions  t_min[usec]  t_max[usec]  t_avg[usec]
            0         1000        13.38        13.39        13.39
            1         1000        14.80        14.81        14.80
            2         1000        14.44        14.44        14.44
            4         1000        14.05        14.06        14.05
            8         1000        14.31        14.31        14.31
           16         1000        14.23        14.24        14.24
           32         1000        14.59        14.60        14.60
           64         1000        14.91        14.91        14.91
          128         1000        15.32        15.32        15.32
          256         1000        16.28        16.29        16.28
          512         1000        17.75        17.77        17.76
         1024         1000        19.61        19.62        19.61
         2048         1000        23.34        23.35        23.35
         4096         1000        31.24        31.26        31.25
         8192         1000        66.32        66.34        66.33
        16384         1000        98.32        98.36        98.34
        32768         1000       161.86       161.93       161.90
        65536          640       239.59       239.73       239.66
       131072          320       401.19       401.47       401.33
       262144          160       700.30       700.75       700.53
       524288           80      1235.55      1236.54      1236.05
      1048576           40      2423.96      2427.56      2425.76
      2097152           20      4868.28      4873.99      4871.14
      4194304           10     10801.39     10811.23     10806.31

#----------------------------------------------------------------
# Benchmarking Bcast 
# ( #processes = 4 ) 
# ( 3 additional processes waiting in MPI_Barrier)
#----------------------------------------------------------------
       #bytes #repetitions  t_min[usec]  t_max[usec]  t_avg[usec]
            0         1000        19.00        19.01        19.01
            1         1000        21.07        21.11        21.09
            2         1000        20.71        20.74        20.73
            4         1000        20.85        20.88        20.86
            8         1000        20.70        20.73        20.72
           16         1000        20.89        20.90        20.90
           32         1000        22.10        22.14        22.12
           64         1000        22.36        22.37        22.37
          128         1000        22.75        22.77        22.76
          256         1000        23.69        23.71        23.70
          512         1000        26.17        26.20        26.19
         1024         1000        28.47        28.50        28.49
         2048         1000        34.47        34.50        34.48
         4096         1000        47.28        47.33        47.30
         8192         1000       119.05       119.10       119.08
        16384         1000       175.00       175.09       175.05
        32768         1000       296.27       296.40       296.34
        65536          640       469.95       470.18       470.07
       131072          320       709.24       709.55       709.40
       262144          160      1257.21      1258.03      1257.60
       524288           80      2371.99      2373.84      2373.00
      1048576           40      4583.92      4590.80      4587.29
      2097152           20      9367.90      9396.93      9383.03
      4194304           10     19948.39     20134.11     20040.11

#----------------------------------------------------------------
# Benchmarking Bcast 
# ( #processes = 7 ) 
#----------------------------------------------------------------
       #bytes #repetitions  t_min[usec]  t_max[usec]  t_avg[usec]
            0         1000        24.93        24.95        24.94
            1         1000        33.19        33.22        33.20
            2         1000        29.47        29.51        29.49
            4         1000        29.60        29.64        29.62
            8         1000        28.37        28.40        28.39
           16         1000        28.70        28.76        28.73
           32         1000        29.16        29.35        29.28
           64         1000        29.41        29.47        29.44
          128         1000        30.65        30.68        30.66
          256         1000        32.62        32.69        32.65
          512         1000        35.18        35.23        35.20
         1024         1000        39.68        39.74        39.71
         2048         1000        46.95        47.03        46.99
         4096         1000        62.46        62.54        62.50
         8192         1000       163.14       163.22       163.19
        16384         1000       238.82       238.95       238.89
        32768         1000       393.91       394.15       394.01
        65536          640       598.09       598.74       598.50
       131072          320      1038.43      1040.33      1039.69
       262144          160      1848.95      1854.60      1852.78
       524288           80      3530.59      3550.02      3545.62
      1048576           40      6722.83      6797.45      6781.43
      2097152           20     13620.75     13901.13     13838.17
      4194304           10     28949.87     30137.56     29895.52

#---------------------------------------------------
# Benchmarking Barrier 
# ( #processes = 2 ) 
# ( 5 additional processes waiting in MPI_Barrier)
#---------------------------------------------------
 #repetitions  t_min[usec]  t_max[usec]  t_avg[usec]
         1000        12.87        12.87        12.87

#---------------------------------------------------
# Benchmarking Barrier 
# ( #processes = 4 ) 
# ( 3 additional processes waiting in MPI_Barrier)
#---------------------------------------------------
 #repetitions  t_min[usec]  t_max[usec]  t_avg[usec]
         1000        26.79        26.79        26.79

#---------------------------------------------------
# Benchmarking Barrier 
# ( #processes = 7 ) 
#---------------------------------------------------
 #repetitions  t_min[usec]  t_max[usec]  t_avg[usec]
         1000        47.87        47.88        47.88
#=====================================================
#
#  Thanks for using PMB2.2               
#
#  The Pallas team kindly requests that you 
#  give us as much feedback for PMB as possible.    
#
#  It would be very helpful when you sent the 
#  output tables of your run(s) of PMB to 
#
#              #######################           
#              #                     #           
#              #   pmb@pallas.com    #           
#              #                     #           
#              #######################           
#
#  You might also add                             
#
#  - personal information (institution, motivation
#                          for using PMB)         
#  - basic information about the machine you used 
#    (number of CPUs, processor type e.t.c.)      
#
#=====================================================
